This file contains any messages produced by compilers while
running configure, to aid debugging if configure makes a mistake.

It was created by IOServerManagerUtils configure 1.0.0, which was
generated by GNU Autoconf 2.69.  Invocation command line was

  $ ./configure --prefix=/Users/ilk3r/PhpstormProjects/ServerBash/IOServerManagerUtils/build/

## --------- ##
## Platform. ##
## --------- ##

hostname = static-11-44-210-31.sadecehosting.net
uname -m = x86_64
uname -r = 15.4.0
uname -s = Darwin
uname -v = Darwin Kernel Version 15.4.0: Fri Feb 26 22:08:05 PST 2016; root:xnu-3248.40.184~3/RELEASE_X86_64

/usr/bin/uname -p = i386
/bin/uname -X     = unknown

/bin/arch              = unknown
/usr/bin/arch -k       = unknown
/usr/convex/getsysinfo = unknown
/usr/bin/hostinfo      = Mach kernel version:
	 Darwin Kernel Version 15.4.0: Fri Feb 26 22:08:05 PST 2016; root:xnu-3248.40.184~3/RELEASE_X86_64
Kernel configured for up to 4 processors.
2 processors are physically available.
4 processors are logically available.
Processor type: i486 (Intel 80486)
Processors active: 0 1 2 3
Primary memory available: 4.00 gigabytes
Default processor set: 198 tasks, 1108 threads, 4 processors
Load average: 1.41, Mach factor: 2.57
/bin/machine           = unknown
/usr/bin/oslevel       = unknown
/bin/universe          = unknown

PATH: /opt/local/bin
PATH: /opt/local/sbin
PATH: /opt/local/bin
PATH: /opt/local/sbin
PATH: /usr/local/bin
PATH: /usr/bin
PATH: /bin
PATH: /usr/sbin
PATH: /sbin
PATH: /opt/X11/bin
PATH: /usr/local/CrossPack-AVR/bin
PATH: /Applications/Server.app/Contents/ServerRoot/usr/bin
PATH: /Applications/Server.app/Contents/ServerRoot/usr/sbin
PATH: /usr/local/MacGPG2/bin


## ----------- ##
## Core tests. ##
## ----------- ##

configure:2207: checking build system type
configure:2221: result: x86_64-apple-darwin15.4.0
configure:2241: checking host system type
configure:2254: result: x86_64-apple-darwin15.4.0
configure:2274: checking target system type
configure:2287: result: x86_64-apple-darwin15.4.0
configure:2368: checking for clang
configure:2384: found /usr/bin/clang
configure:2395: result: clang
configure:2426: checking for C compiler version
configure:2435: clang --version >&5
Apple LLVM version 7.3.0 (clang-703.0.31)
Target: x86_64-apple-darwin15.4.0
Thread model: posix
InstalledDir: /Applications/Xcode.app/Contents/Developer/Toolchains/XcodeDefault.xctoolchain/usr/bin
configure:2446: $? = 0
configure:2435: clang -v >&5
Apple LLVM version 7.3.0 (clang-703.0.31)
Target: x86_64-apple-darwin15.4.0
Thread model: posix
InstalledDir: /Applications/Xcode.app/Contents/Developer/Toolchains/XcodeDefault.xctoolchain/usr/bin
configure:2446: $? = 0
configure:2435: clang -V >&5
clang: error: argument to '-V' is missing (expected 1 value)
clang: error: no input files
configure:2446: $? = 1
configure:2435: clang -qversion >&5
clang: error: unknown argument: '-qversion'
clang: error: no input files
configure:2446: $? = 1
configure:2466: checking whether the C compiler works
configure:2488: clang    conftest.c  >&5
configure:2492: $? = 0
configure:2540: result: yes
configure:2543: checking for C compiler default output file name
configure:2545: result: a.out
configure:2551: checking for suffix of executables
configure:2558: clang -o conftest    conftest.c  >&5
configure:2562: $? = 0
configure:2584: result: 
configure:2606: checking whether we are cross compiling
configure:2614: clang -o conftest    conftest.c  >&5
configure:2618: $? = 0
configure:2625: ./conftest
configure:2629: $? = 0
configure:2644: result: no
configure:2649: checking for suffix of object files
configure:2671: clang -c   conftest.c >&5
configure:2675: $? = 0
configure:2696: result: o
configure:2700: checking whether we are using the GNU C compiler
configure:2719: clang -c   conftest.c >&5
configure:2719: $? = 0
configure:2728: result: yes
configure:2737: checking whether clang accepts -g
configure:2757: clang -c -g  conftest.c >&5
configure:2757: $? = 0
configure:2798: result: yes
configure:2815: checking for clang option to accept ISO C89
configure:2878: clang  -c -g -O2  conftest.c >&5
configure:2878: $? = 0
configure:2891: result: none needed
configure:2919: checking whether clang understands -c and -o together
configure:2941: clang -c conftest.c -o conftest2.o
configure:2944: $? = 0
configure:2941: clang -c conftest.c -o conftest2.o
configure:2944: $? = 0
configure:2956: result: yes
configure:2990: checking for main in -lcrypt
configure:3009: clang -o conftest -g -O2 -O1 -g0 -W -Wall -std=gnu99   conftest.c -lcrypt   >&5
conftest.c:13:1: warning: all paths through this function will call itself [-Winfinite-recursion]
{
^
1 warning generated.
ld: library not found for -lcrypt
clang: error: linker command failed with exit code 1 (use -v to see invocation)
configure:3009: $? = 1
configure: failed program was:
| /* confdefs.h */
| #define PACKAGE_NAME "IOServerManagerUtils"
| #define PACKAGE_TARNAME "ioservermanagerutils"
| #define PACKAGE_VERSION "1.0.0"
| #define PACKAGE_STRING "IOServerManagerUtils 1.0.0"
| #define PACKAGE_BUGREPORT "info@ilker.rocks"
| #define PACKAGE_URL ""
| /* end confdefs.h.  */
| 
| 
| int
| main ()
| {
| return main ();
|   ;
|   return 0;
| }
configure:3018: result: no
configure:3033: checking how to run the C preprocessor
configure:3064: clang -E  conftest.c
configure:3064: $? = 0
configure:3078: clang -E  conftest.c
conftest.c:9:10: fatal error: 'ac_nonexistent.h' file not found
#include <ac_nonexistent.h>
         ^
1 error generated.
configure:3078: $? = 1
configure: failed program was:
| /* confdefs.h */
| #define PACKAGE_NAME "IOServerManagerUtils"
| #define PACKAGE_TARNAME "ioservermanagerutils"
| #define PACKAGE_VERSION "1.0.0"
| #define PACKAGE_STRING "IOServerManagerUtils 1.0.0"
| #define PACKAGE_BUGREPORT "info@ilker.rocks"
| #define PACKAGE_URL ""
| /* end confdefs.h.  */
| #include <ac_nonexistent.h>
configure:3103: result: clang -E
configure:3123: clang -E  conftest.c
configure:3123: $? = 0
configure:3137: clang -E  conftest.c
conftest.c:9:10: fatal error: 'ac_nonexistent.h' file not found
#include <ac_nonexistent.h>
         ^
1 error generated.
configure:3137: $? = 1
configure: failed program was:
| /* confdefs.h */
| #define PACKAGE_NAME "IOServerManagerUtils"
| #define PACKAGE_TARNAME "ioservermanagerutils"
| #define PACKAGE_VERSION "1.0.0"
| #define PACKAGE_STRING "IOServerManagerUtils 1.0.0"
| #define PACKAGE_BUGREPORT "info@ilker.rocks"
| #define PACKAGE_URL ""
| /* end confdefs.h.  */
| #include <ac_nonexistent.h>
configure:3166: checking for grep that handles long lines and -e
configure:3224: result: /usr/bin/grep
configure:3229: checking for egrep
configure:3291: result: /usr/bin/grep -E
configure:3296: checking for ANSI C header files
configure:3316: clang -c -g -O2 -O1 -g0 -W -Wall -std=gnu99  conftest.c >&5
configure:3316: $? = 0
configure:3389: clang -o conftest -g -O2 -O1 -g0 -W -Wall -std=gnu99   conftest.c  >&5
configure:3389: $? = 0
configure:3389: ./conftest
configure:3389: $? = 0
configure:3400: result: yes
configure:3413: checking for sys/types.h
configure:3413: clang -c -g -O2 -O1 -g0 -W -Wall -std=gnu99  conftest.c >&5
configure:3413: $? = 0
configure:3413: result: yes
configure:3413: checking for sys/stat.h
configure:3413: clang -c -g -O2 -O1 -g0 -W -Wall -std=gnu99  conftest.c >&5
configure:3413: $? = 0
configure:3413: result: yes
configure:3413: checking for stdlib.h
configure:3413: clang -c -g -O2 -O1 -g0 -W -Wall -std=gnu99  conftest.c >&5
configure:3413: $? = 0
configure:3413: result: yes
configure:3413: checking for string.h
configure:3413: clang -c -g -O2 -O1 -g0 -W -Wall -std=gnu99  conftest.c >&5
configure:3413: $? = 0
configure:3413: result: yes
configure:3413: checking for memory.h
configure:3413: clang -c -g -O2 -O1 -g0 -W -Wall -std=gnu99  conftest.c >&5
configure:3413: $? = 0
configure:3413: result: yes
configure:3413: checking for strings.h
configure:3413: clang -c -g -O2 -O1 -g0 -W -Wall -std=gnu99  conftest.c >&5
configure:3413: $? = 0
configure:3413: result: yes
configure:3413: checking for inttypes.h
configure:3413: clang -c -g -O2 -O1 -g0 -W -Wall -std=gnu99  conftest.c >&5
configure:3413: $? = 0
configure:3413: result: yes
configure:3413: checking for stdint.h
configure:3413: clang -c -g -O2 -O1 -g0 -W -Wall -std=gnu99  conftest.c >&5
configure:3413: $? = 0
configure:3413: result: yes
configure:3413: checking for unistd.h
configure:3413: clang -c -g -O2 -O1 -g0 -W -Wall -std=gnu99  conftest.c >&5
configure:3413: $? = 0
configure:3413: result: yes
configure:3425: checking stdio.h usability
configure:3425: clang -c -g -O2 -O1 -g0 -W -Wall -std=gnu99  conftest.c >&5
configure:3425: $? = 0
configure:3425: result: yes
configure:3425: checking stdio.h presence
configure:3425: clang -E  conftest.c
configure:3425: $? = 0
configure:3425: result: yes
configure:3425: checking for stdio.h
configure:3425: result: yes
configure:3433: checking for stdlib.h
configure:3433: result: yes
configure:3441: checking for unistd.h
configure:3441: result: yes
configure:3449: checking time.h usability
configure:3449: clang -c -g -O2 -O1 -g0 -W -Wall -std=gnu99  conftest.c >&5
configure:3449: $? = 0
configure:3449: result: yes
configure:3449: checking time.h presence
configure:3449: clang -E  conftest.c
configure:3449: $? = 0
configure:3449: result: yes
configure:3449: checking for time.h
configure:3449: result: yes
configure:3457: checking for string.h
configure:3457: result: yes
configure:3470: checking for memset
configure:3470: clang -o conftest -g -O2 -O1 -g0 -W -Wall -std=gnu99   conftest.c  >&5
conftest.c:42:6: warning: incompatible redeclaration of library function 'memset' [-Wincompatible-library-redeclaration]
char memset ();
     ^
conftest.c:42:6: note: 'memset' is a builtin with type 'void *(void *, int, unsigned long)'
1 warning generated.
configure:3470: $? = 0
configure:3470: result: yes
configure:3470: checking for malloc
configure:3470: clang -o conftest -g -O2 -O1 -g0 -W -Wall -std=gnu99   conftest.c  >&5
conftest.c:43:6: warning: incompatible redeclaration of library function 'malloc' [-Wincompatible-library-redeclaration]
char malloc ();
     ^
conftest.c:43:6: note: 'malloc' is a builtin with type 'void *(unsigned long)'
1 warning generated.
configure:3470: $? = 0
configure:3470: result: yes
configure:3470: checking for free
configure:3470: clang -o conftest -g -O2 -O1 -g0 -W -Wall -std=gnu99   conftest.c  >&5
configure:3470: $? = 0
configure:3470: result: yes
configure:3470: checking for sprintf
configure:3470: clang -o conftest -g -O2 -O1 -g0 -W -Wall -std=gnu99   conftest.c  >&5
conftest.c:45:6: warning: incompatible redeclaration of library function 'sprintf' [-Wincompatible-library-redeclaration]
char sprintf ();
     ^
conftest.c:45:6: note: 'sprintf' is a builtin with type 'int (char *, const char *, ...)'
1 warning generated.
configure:3470: $? = 0
configure:3470: result: yes
configure:3470: checking for crypt
configure:3470: clang -o conftest -g -O2 -O1 -g0 -W -Wall -std=gnu99   conftest.c  >&5
configure:3470: $? = 0
configure:3470: result: yes
configure:3498: clang -o conftest -g -O2 -O1 -g0 -W -Wall -std=gnu99   conftest.c  >&5
conftest.c:25:14: warning: unused parameter 'argc' [-Wunused-parameter]
int main(int argc, char *argv[]) {
             ^
conftest.c:25:26: warning: unused parameter 'argv' [-Wunused-parameter]
int main(int argc, char *argv[]) {
                         ^
2 warnings generated.
configure:3498: $? = 0
configure:3498: ./conftest
configure:3498: $? = 0
configure:3540: checking for a BSD-compatible install
configure:3608: result: /usr/bin/install -c
configure:3619: checking whether build environment is sane
configure:3674: result: yes
configure:3822: checking for a thread-safe mkdir -p
configure:3861: result: ./install-sh -c -d
configure:3868: checking for gawk
configure:3898: result: no
configure:3868: checking for mawk
configure:3898: result: no
configure:3868: checking for nawk
configure:3898: result: no
configure:3868: checking for awk
configure:3884: found /usr/bin/awk
configure:3895: result: awk
configure:3906: checking whether make sets $(MAKE)
configure:3928: result: yes
configure:3958: checking for style of include used by make
configure:3986: result: GNU
configure:4020: checking whether make supports nested variables
configure:4037: result: yes
configure:4122: checking dependency style of clang
configure:4233: result: gcc3
configure:4439: checking that generated files are newer than configure
configure:4445: result: done
configure:4468: creating ./config.status

## ---------------------- ##
## Running config.status. ##
## ---------------------- ##

This file was extended by IOServerManagerUtils config.status 1.0.0, which was
generated by GNU Autoconf 2.69.  Invocation command line was

  CONFIG_FILES    = 
  CONFIG_HEADERS  = 
  CONFIG_LINKS    = 
  CONFIG_COMMANDS = 
  $ ./config.status 

on static-11-44-210-31.sadecehosting.net

config.status:793: creating src/ServerManagerUtils_Config.h
config.status:793: creating Makefile
config.status:793: creating src/Makefile
config.status:965: executing depfiles commands

## ---------------- ##
## Cache variables. ##
## ---------------- ##

ac_cv_build=x86_64-apple-darwin15.4.0
ac_cv_c_compiler_gnu=yes
ac_cv_env_CC_set=
ac_cv_env_CC_value=
ac_cv_env_CFLAGS_set=
ac_cv_env_CFLAGS_value=
ac_cv_env_CPPFLAGS_set=
ac_cv_env_CPPFLAGS_value=
ac_cv_env_CPP_set=
ac_cv_env_CPP_value=
ac_cv_env_LDFLAGS_set=
ac_cv_env_LDFLAGS_value=
ac_cv_env_LIBS_set=
ac_cv_env_LIBS_value=
ac_cv_env_build_alias_set=
ac_cv_env_build_alias_value=
ac_cv_env_host_alias_set=
ac_cv_env_host_alias_value=
ac_cv_env_target_alias_set=
ac_cv_env_target_alias_value=
ac_cv_func_crypt=yes
ac_cv_func_free=yes
ac_cv_func_malloc=yes
ac_cv_func_memset=yes
ac_cv_func_sprintf=yes
ac_cv_header_inttypes_h=yes
ac_cv_header_memory_h=yes
ac_cv_header_stdc=yes
ac_cv_header_stdint_h=yes
ac_cv_header_stdio_h=yes
ac_cv_header_stdlib_h=yes
ac_cv_header_string_h=yes
ac_cv_header_strings_h=yes
ac_cv_header_sys_stat_h=yes
ac_cv_header_sys_types_h=yes
ac_cv_header_time_h=yes
ac_cv_header_unistd_h=yes
ac_cv_host=x86_64-apple-darwin15.4.0
ac_cv_lib_crypt_main=no
ac_cv_objext=o
ac_cv_path_EGREP='/usr/bin/grep -E'
ac_cv_path_GREP=/usr/bin/grep
ac_cv_path_install='/usr/bin/install -c'
ac_cv_prog_AWK=awk
ac_cv_prog_CPP='clang -E'
ac_cv_prog_ac_ct_CC=clang
ac_cv_prog_cc_c89=
ac_cv_prog_cc_g=yes
ac_cv_prog_make_make_set=yes
ac_cv_target=x86_64-apple-darwin15.4.0
am_cv_CC_dependencies_compiler_type=gcc3
am_cv_make_support_nested_variables=yes
am_cv_prog_cc_c_o=yes

## ----------------- ##
## Output variables. ##
## ----------------- ##

ACLOCAL='${SHELL} /Users/ilk3r/PhpstormProjects/ServerBash/IOServerManagerUtils/missing aclocal-1.15'
AMDEPBACKSLASH='\'
AMDEP_FALSE='#'
AMDEP_TRUE=''
AMTAR='$${TAR-tar}'
AM_BACKSLASH='\'
AM_DEFAULT_V='$(AM_DEFAULT_VERBOSITY)'
AM_DEFAULT_VERBOSITY='1'
AM_V='$(V)'
AUTOCONF='${SHELL} /Users/ilk3r/PhpstormProjects/ServerBash/IOServerManagerUtils/missing autoconf'
AUTOHEADER='${SHELL} /Users/ilk3r/PhpstormProjects/ServerBash/IOServerManagerUtils/missing autoheader'
AUTOMAKE='${SHELL} /Users/ilk3r/PhpstormProjects/ServerBash/IOServerManagerUtils/missing automake-1.15'
AWK='awk'
CC='clang'
CCDEPMODE='depmode=gcc3'
CFLAGS='-g -O2 -O1 -g0 -W -Wall -std=gnu99'
CPP='clang -E'
CPPFLAGS=''
CYGPATH_W='echo'
DEFS='-DPACKAGE_NAME=\"IOServerManagerUtils\" -DPACKAGE_TARNAME=\"ioservermanagerutils\" -DPACKAGE_VERSION=\"1.0.0\" -DPACKAGE_STRING=\"IOServerManagerUtils\ 1.0.0\" -DPACKAGE_BUGREPORT=\"info@ilker.rocks\" -DPACKAGE_URL=\"\" -DSTDC_HEADERS=1 -DHAVE_SYS_TYPES_H=1 -DHAVE_SYS_STAT_H=1 -DHAVE_STDLIB_H=1 -DHAVE_STRING_H=1 -DHAVE_MEMORY_H=1 -DHAVE_STRINGS_H=1 -DHAVE_INTTYPES_H=1 -DHAVE_STDINT_H=1 -DHAVE_UNISTD_H=1 -DHAVE_MEMSET=1 -DHAVE_MALLOC=1 -DHAVE_FREE=1 -DHAVE_SPRINTF=1 -DHAVE_CRYPT=1 -DIO_SERVER_MANAGER_UTILS_HAVE_A_CONFIG_H_=1 -DPACKAGE=\"ioservermanagerutils\" -DVERSION=\"1.0.0\"'
DEPDIR='.deps'
ECHO_C='\c'
ECHO_N=''
ECHO_T=''
EGREP='/usr/bin/grep -E'
EXEEXT=''
GREP='/usr/bin/grep'
INSTALL_DATA='${INSTALL} -m 644'
INSTALL_PROGRAM='${INSTALL}'
INSTALL_SCRIPT='${INSTALL}'
INSTALL_STRIP_PROGRAM='$(install_sh) -c -s'
LDFLAGS=''
LIBOBJS=''
LIBS=''
LTLIBOBJS=''
MAKEINFO='${SHELL} /Users/ilk3r/PhpstormProjects/ServerBash/IOServerManagerUtils/missing makeinfo'
MKDIR_P='./install-sh -c -d'
OBJEXT='o'
PACKAGE='ioservermanagerutils'
PACKAGE_BUGREPORT='info@ilker.rocks'
PACKAGE_NAME='IOServerManagerUtils'
PACKAGE_STRING='IOServerManagerUtils 1.0.0'
PACKAGE_TARNAME='ioservermanagerutils'
PACKAGE_URL=''
PACKAGE_VERSION='1.0.0'
PATH_SEPARATOR=':'
SERVER_MANAGER_UTILS_LDFLAGS=''
SET_MAKE=''
SHELL='/bin/sh'
STRIP=''
VERSION='1.0.0'
ac_ct_CC='clang'
am__EXEEXT_FALSE=''
am__EXEEXT_TRUE='#'
am__fastdepCC_FALSE='#'
am__fastdepCC_TRUE=''
am__include='include'
am__isrc=''
am__leading_dot='.'
am__nodep='_no'
am__quote=''
am__tar='$${TAR-tar} chof - "$$tardir"'
am__untar='$${TAR-tar} xf -'
bindir='${exec_prefix}/bin'
build='x86_64-apple-darwin15.4.0'
build_alias=''
build_cpu='x86_64'
build_os='darwin15.4.0'
build_vendor='apple'
datadir='${datarootdir}'
datarootdir='${prefix}/share'
docdir='${datarootdir}/doc/${PACKAGE_TARNAME}'
dvidir='${docdir}'
exec_prefix='${prefix}'
host='x86_64-apple-darwin15.4.0'
host_alias=''
host_cpu='x86_64'
host_os='darwin15.4.0'
host_vendor='apple'
htmldir='${docdir}'
includedir='${prefix}/include'
infodir='${datarootdir}/info'
install_sh='${SHELL} /Users/ilk3r/PhpstormProjects/ServerBash/IOServerManagerUtils/install-sh'
libdir='${exec_prefix}/lib'
libexecdir='${exec_prefix}/libexec'
localedir='${datarootdir}/locale'
localstatedir='${prefix}/var'
mandir='${datarootdir}/man'
mkdir_p='$(MKDIR_P)'
oldincludedir='/usr/include'
pdfdir='${docdir}'
prefix='/Users/ilk3r/PhpstormProjects/ServerBash/IOServerManagerUtils/build'
program_transform_name='s,x,x,'
psdir='${docdir}'
sbindir='${exec_prefix}/sbin'
servermanager_utils_build_architecture='64'
sharedstatedir='${prefix}/com'
sysconfdir='${prefix}/etc'
target='x86_64-apple-darwin15.4.0'
target_alias=''
target_cpu='x86_64'
target_os='darwin15.4.0'
target_vendor='apple'

## ----------- ##
## confdefs.h. ##
## ----------- ##

/* confdefs.h */
#define PACKAGE_NAME "IOServerManagerUtils"
#define PACKAGE_TARNAME "ioservermanagerutils"
#define PACKAGE_VERSION "1.0.0"
#define PACKAGE_STRING "IOServerManagerUtils 1.0.0"
#define PACKAGE_BUGREPORT "info@ilker.rocks"
#define PACKAGE_URL ""
#define STDC_HEADERS 1
#define HAVE_SYS_TYPES_H 1
#define HAVE_SYS_STAT_H 1
#define HAVE_STDLIB_H 1
#define HAVE_STRING_H 1
#define HAVE_MEMORY_H 1
#define HAVE_STRINGS_H 1
#define HAVE_INTTYPES_H 1
#define HAVE_STDINT_H 1
#define HAVE_UNISTD_H 1
#define HAVE_MEMSET 1
#define HAVE_MALLOC 1
#define HAVE_FREE 1
#define HAVE_SPRINTF 1
#define HAVE_CRYPT 1
#define IO_SERVER_MANAGER_UTILS_HAVE_A_CONFIG_H_ 1
#define PACKAGE "ioservermanagerutils"
#define VERSION "1.0.0"

configure: exit 0
